2022-01-09 14:46:57.828 [main] INFO  ProjectRepo.Demo1.LoginTest - URL Loaded
2022-01-09 14:46:58.160 [main] INFO  ProjectRepo.Demo1.LoginTest - Browser closed
2022-01-09 14:48:44.694 [main] INFO  ProjectRepo.Demo1.LoginTest - URL Loaded
2022-01-09 14:48:44.986 [main] INFO  ProjectRepo.Demo1.LoginTest - Browser closed
2022-01-09 14:56:52.536 [main] INFO  ProjectRepo.Demo1.LoginTest - URL Loaded
2022-01-09 14:56:57.021 [main] INFO  ProjectRepo.Demo1.LoginTest - Browser closed
2022-01-09 15:03:25.095 [main] INFO  ProjectRepo.Demo1.LoginTest - URL Loaded
2022-01-09 15:03:25.544 [main] INFO  ProjectRepo.Demo1.LoginTest - Browser closed
2022-01-09 15:06:16.189 [main] INFO  ProjectRepo.Demo1.LoginTest - URL Loaded
2022-01-09 15:06:16.523 [main] INFO  ProjectRepo.Demo1.LoginTest - Browser closed
2022-01-09 15:43:58.651 [main] INFO  ProjectRepo.Demo1.LoginTest - URL Loaded
2022-01-09 15:43:59.938 [main] INFO  ProjectRepo.Demo1.LoginTest - Browser closed
2022-01-09 15:49:33.025 [main] INFO  ProjectRepo.Demo1.LoginTest - URL Loaded
2022-01-09 15:49:37.614 [main] INFO  ProjectRepo.Demo1.LoginTest - Browser closed
2022-01-09 15:50:24.888 [main] INFO  ProjectRepo.Demo1.LoginTest - URL Loaded
2022-01-09 15:50:29.462 [main] INFO  ProjectRepo.Demo1.LoginTest - Browser closed
2022-01-09 15:54:30.499 [main] INFO  ProjectRepo.Demo1.LoginTest - URL Loaded
2022-01-09 15:54:34.548 [main] INFO  ProjectRepo.Demo1.LoginTest - popup was clicked
2022-01-09 15:54:36.944 [main] INFO  ProjectRepo.Demo1.LoginTest - Browser closed
2022-01-09 15:57:46.609 [main] INFO  ProjectRepo.Demo1.LoginTest - URL Loaded
2022-01-09 15:57:47.162 [main] INFO  ProjectRepo.Demo1.LoginTest - Browser closed
2022-01-09 15:59:17.398 [main] INFO  ProjectRepo.Demo1.LoginTest - URL Loaded
2022-01-09 15:59:23.051 [main] INFO  ProjectRepo.Demo1.LoginTest - popup was clicked
2022-01-09 15:59:25.340 [main] INFO  ProjectRepo.Demo1.LoginTest - Browser closed
2022-01-09 16:01:19.749 [main] INFO  ProjectRepo.Demo1.LoginTest - URL Loaded
2022-01-09 16:01:19.938 [main] INFO  ProjectRepo.Demo1.LoginTest - Browser closed
2022-01-09 16:05:45.180 [main] INFO  ProjectRepo.Demo1.LoginTest - URL Loaded
2022-01-09 16:05:48.078 [main] INFO  ProjectRepo.Demo1.LoginTest - Browser closed
2022-01-09 16:20:47.153 [main] INFO  ProjectRepo.Demo1.LoginTest - URL Loaded
2022-01-09 16:21:00.166 [main] INFO  ProjectRepo.Demo1.LoginTest - Browser closed
2022-01-09 17:16:52.437 [TestNG-tests-1] INFO  ProjectRepo.Demo1.LoginTest - URL Loaded
2022-01-09 17:16:52.617 [TestNG-tests-1] INFO  ProjectRepo.Demo1.LoginTest - popup was clicked
2022-01-09 17:17:01.587 [TestNG-tests-1] INFO  ProjectRepo.Demo1.LoginTest - Browser closed
2022-01-09 18:12:35.162 [TestNG-tests-1] INFO  ProjectRepo.Demo1.LoginTest - URL Loaded
2022-01-09 18:12:35.374 [TestNG-tests-1] INFO  ProjectRepo.Demo1.LoginTest - popup was clicked
2022-01-09 18:12:38.478 [TestNG-tests-1] INFO  ProjectRepo.Demo1.LoginTest - Browser closed
2022-01-09 18:17:12.729 [TestNG-tests-1] INFO  ProjectRepo.Demo1.LoginTest - URL Loaded
2022-01-09 18:17:12.901 [TestNG-tests-1] INFO  ProjectRepo.Demo1.LoginTest - popup was clicked
2022-01-09 18:17:16.962 [TestNG-tests-1] INFO  ProjectRepo.Demo1.LoginTest - Browser closed
2022-01-09 19:00:01.958 [TestNG-tests-1] INFO  ProjectRepo.Demo1.LoginTest - URL Loaded
2022-01-09 19:00:02.224 [TestNG-tests-1] INFO  ProjectRepo.Demo1.LoginTest - popup was clicked
2022-01-09 19:00:11.472 [TestNG-tests-1] INFO  ProjectRepo.Demo1.LoginTest - Browser closed
2022-01-09 19:21:03.060 [TestNG-tests-1] INFO  ProjectRepo.Demo1.LoginTest - URL Loaded
2022-01-09 19:21:06.670 [TestNG-tests-1] INFO  ProjectRepo.Demo1.LoginTest - popup was clicked
2022-01-09 19:21:20.440 [TestNG-tests-1] INFO  ProjectRepo.Demo1.LoginTest - Browser closed
